To do:
giveMessageをalert以外にする
デバッグ
LCをユーザーに選ばせるなんてなんと不親切な、直さねば
勝敗判定においてソートを用いて人数依存を消す
せっかく英語パック作ったんだし切り替えできるようにしたいよね
関数のファイル分けが色々gdgdになったので明確な判定基準を作ってリフォームを行おう

ver 0.9.9   7:29 2014/01/06 (月)
カードの上にマウスが載ったらFWを表示する
makeCard56とC_C.makeCellを抽象化してコード重複を防いだ
その代わり関数のファイル分けが色々gdgdになったので明確な判定基準を作ってリフォームを行おう

ver 0.9.8  17:30 2013/12/30 (月)
相手のカードを飛ばすと相手の手札が埋まるバグを修正

ver 0.9.7  12:49 2013/12/26 (木)
ゲーム開始を押してからボードが作られるようにした
FWを表示するためのツールチップを追加するためにコードを仕込む

ver 0.9.6  17:48 2013/12/25 (水)
ジャンププレイで飛ばされたカードがデータ上元の位置に残っていたバグ修正

ver 0.9.5  18:49 2013/12/23 (月)
NH.jsを作りNH判定を共通にする

ver 0.9.4  18:31 2013/12/23 (月)
独り言にしかなっていない一部のコメントを削除
/**WRITE HERE**/から抽出したのをログのTo doに追加

ver 0.9.3  12:27 2013/12/23 (月)
試合終了処理書けた
一応これで終了
後はデバッグ

ver 0.9.2  11:54 2013/12/23 (月)
回転処理書けた

ver 0.9.1  11:27 2013/12/23 (月)
ジャンププレイ書けた
プレイをなぞるだけで意外と行けるものだ

ver 0.9.0  11:20 2013/12/23 (月)
山札の枚数の処理をミスってたので直した

ver 0.8.9  10:34 2013/12/22 (日)
LCが自分のじゃない時の処理終了
後はジャンププットで飛ばした自分のカードでプレイする処理、略してジャンププレイ(絶望)

ver 0.8.8   9:51 2013/12/22 (日)
所有者にLCを与える処理ができた

ver 0.8.7   9:32 2013/12/22 (日)
事実上のフェールプットの記述を終わらせた
でかくなってきたのでファイル分割した
あとLCをGameBoard[x][y]としていたミスを修正

ver 0.8.6  15:59 2013/12/21 (土)
山札の数を管理するのを作りファイナルアクション判定を作った
完成ではないが

ver 0.8.5  14:58 2013/12/21 (土)
NHをクリック→移動できませんの後にNHの表示が消えてしまうバグを修正
そのためにもクリックできないやつをクリックしたらメッセージを出す

ver 0.8.4  13:35 2013/12/21 (土)
英語言語パック作成
フェールプット(希望)が3行で終了
あとはジャンププット(絶望)を終わらせれば終了

ver 0.8.3  12:22 2013/12/21 (土)
ターン制の導入完了
あとはジャンププット(絶望)とフェールプット(希望)を終わらせれば終了

ver 0.8.2  11:29 2013/12/21 (土)
handnumの整合性を保った(ドローとプレースにそれぞれ++と--を付けた)
そして空カードをプレースできていた不具合を修正(カードに空判定を追加)

ver 0.8.1  16:17 2013/12/20 (金)
プットの時の処理を完了
ジャンププットだが、LCでのプレイは手札でのプレイじゃないから面倒そうですな
あとhandnumの整合性を多分保ち忘れてるから後で直さにゃね

ver 0.8.0  13:59 2013/12/20 (金)
getNums関数の作成によりGameData.boardとの整合性が完成し、手札の空判定もより正確となった
要するに
プレース完成キタ━(ﾟ∀ﾟ)━!
あといつのバージョンだったか忘れたけどC_C.forbidにも言語パックを適用

ver 0.7.9  18:26 2013/12/19 (木)
NHへのプレースができた。
但しGameData.boardとの整合性は未完成。

ver 0.7.8  17:46 2013/12/19 (木)
NHを表示した
予想通り出来てた。やった。
嬉しさに0.8.0に上げようかと思ったが課題多いしまだだね

ver 0.7.7  17:26 2013/12/19 (木)
ドローを書き終えた
あとNHのバグ(isEmpty関数にreturn書き忘れる)を直し、正常に動いてることを確認。

ver 0.7.6  16:51 2013/12/19 (木)
ドローを半分書いた
後はスキップボタンを作るのみ
あと言語パックとかも作成。C_C.forbid以外に採用。

ver 0.7.5  12:01 2013/12/19（木）
NH判定を終えた
いやーめんどかった

ver 0.7.4  11:10 2013/12/19（木）
盤を管理するオブジェクトを作成
というか普通にdrawboard的な関数でDOM出力をやればよかったかも。C&Cに合わないけど。
でもC&C作っちゃったし、まあいいか

ver 0.7.3  22:01 2013/12/18 (水)
擬似コードをJSに変えていった
根幹の関数は書いてないけど

ver 0.7.2  14:48 2013/12/17 (火)
仕様書を変更しそれに従った擬似コード(といっても日本語だが)を書いた

ver 0.7.1  13:40 2013/12/17 (火)
制限で交換が封じられた時のメッセージ表示機能を作った

ver 0.7.0  13:22 2013/12/17 (火)
C&Cのフリーダムさを制限する仕様を作った。仕様だけ。

ver 0.6.6  16:04 2013/11/30 (土)
C&Cの画像パスがハードコードなのを直した

ver 0.6.5  17:00 2013/11/29 (金)
makeCellをいじって灰色と紺色のアレをmainじゃなくbackに入れた(盤に紺が逃げてたのを修正)

ver 0.6.4  17:09 2013/11/24 (日)
画面表示「だけ」を完成

ver 0.6.2  11:11 2013/11/24 (日)
細かい画像をつなげてCSSで表示を変えてみた
具体的には数字画像をくっつけてみた

ver 0.6  9:09 2013/11/24 (日)
無駄なファイルの削除

ver 0.5　8:24 2013/11/24 (日)
56x56,C&Cなど基礎的なのを完成